  Server.cpp
G:\VISUAL STUDIO\vs\VC\Tools\MSVC\14.37.32822\include\filesystem(13): warning STL4038: The contents of <filesystem> are available only with C++17 or later.
G:\Львовское Игра\Proj2\SFML - Server\SFML - Server\Server.cpp(81,49): warning C4101: e: неиспользованная локальная переменная
G:\Львовское Игра\Proj2\SFML - Server\SFML - Server\Server.cpp(107,49): warning C4101: e: неиспользованная локальная переменная
G:\Львовское Игра\Proj2\SFML - Server\SFML - Server\Server.cpp(263,80): warning C4244: аргумент: преобразование "int" в "T", возможна потеря данных
          with
          [
              T=float
          ]
G:\Львовское Игра\Proj2\SFML - Server\SFML - Server\Server.cpp(263,66): warning C4244: аргумент: преобразование "int" в "T", возможна потеря данных
          with
          [
              T=float
          ]
G:\Львовское Игра\Proj2\SFML - Server\SFML - Server\Server.cpp(264,60): warning C4244: аргумент: преобразование "int" в "float", возможна потеря данных
G:\Львовское Игра\Proj2\SFML - Server\SFML - Server\Server.cpp(264,46): warning C4244: аргумент: преобразование "int" в "float", возможна потеря данных
G:\Львовское Игра\Proj2\SFML - Server\SFML - Server\Server.cpp(272,81): warning C4244: аргумент: преобразование "int" в "T", возможна потеря данных
          with
          [
              T=float
          ]
G:\Львовское Игра\Proj2\SFML - Server\SFML - Server\Server.cpp(272,67): warning C4244: аргумент: преобразование "int" в "T", возможна потеря данных
          with
          [
              T=float
          ]
G:\Львовское Игра\Proj2\SFML - Server\SFML - Server\Server.cpp(273,61): warning C4244: аргумент: преобразование "int" в "float", возможна потеря данных
G:\Львовское Игра\Proj2\SFML - Server\SFML - Server\Server.cpp(273,47): warning C4244: аргумент: преобразование "int" в "float", возможна потеря данных
G:\Львовское Игра\Proj2\SFML - Server\SFML - Server\Server.cpp(285,36): warning C4244: инициализация: преобразование "int" в "float", возможна потеря данных
G:\Львовское Игра\Proj2\SFML - Server\SFML - Server\Server.cpp(286,34): warning C4244: инициализация: преобразование "int" в "float", возможна потеря данных
G:\Львовское Игра\Proj2\SFML - Server\SFML - Server\Server.cpp(290,29): warning C4244: инициализация: преобразование "double" в "float", возможна потеря данных
G:\Львовское Игра\Proj2\SFML - Server\SFML - Server\Server.cpp(297,58): warning C4244: аргумент: преобразование "int" в "float", возможна потеря данных
G:\Львовское Игра\Proj2\SFML - Server\SFML - Server\Server.cpp(297,44): warning C4244: аргумент: преобразование "int" в "float", возможна потеря данных
G:\Львовское Игра\Proj2\SFML - Server\SFML - Server\Server.cpp(314,36): warning C4244: инициализация: преобразование "int" в "float", возможна потеря данных
G:\Львовское Игра\Proj2\SFML - Server\SFML - Server\Server.cpp(315,34): warning C4244: инициализация: преобразование "int" в "float", возможна потеря данных
G:\Львовское Игра\Proj2\SFML - Server\SFML - Server\Server.cpp(319,29): warning C4244: инициализация: преобразование "double" в "float", возможна потеря данных
G:\Львовское Игра\Proj2\SFML - Server\SFML - Server\Server.cpp(326,58): warning C4244: аргумент: преобразование "int" в "float", возможна потеря данных
G:\Львовское Игра\Proj2\SFML - Server\SFML - Server\Server.cpp(326,44): warning C4244: аргумент: преобразование "int" в "float", возможна потеря данных
G:\Львовское Игра\Proj2\SFML - Server\SFML - Server\Server.cpp(342,26): warning C4244: инициализация: преобразование "int" в "float", возможна потеря данных
G:\Львовское Игра\Proj2\SFML - Server\SFML - Server\Server.cpp(347,29): warning C4244: инициализация: преобразование "double" в "float", возможна потеря данных
G:\Львовское Игра\Proj2\SFML - Server\SFML - Server\Server.cpp(356,58): warning C4244: аргумент: преобразование "int" в "float", возможна потеря данных
G:\Львовское Игра\Proj2\SFML - Server\SFML - Server\Server.cpp(356,44): warning C4244: аргумент: преобразование "int" в "float", возможна потеря данных
G:\Львовское Игра\Proj2\SFML - Server\SFML - Server\Server.cpp(365,26): warning C4244: инициализация: преобразование "int" в "float", возможна потеря данных
G:\Львовское Игра\Proj2\SFML - Server\SFML - Server\Server.cpp(370,29): warning C4244: инициализация: преобразование "double" в "float", возможна потеря данных
G:\Львовское Игра\Proj2\SFML - Server\SFML - Server\Server.cpp(379,59): warning C4244: аргумент: преобразование "int" в "float", возможна потеря данных
G:\Львовское Игра\Proj2\SFML - Server\SFML - Server\Server.cpp(379,45): warning C4244: аргумент: преобразование "int" в "float", возможна потеря данных
G:\Львовское Игра\Proj2\SFML - Server\SFML - Server\Server.cpp(385,77): warning C4244: аргумент: преобразование "int" в "T", возможна потеря данных
          with
          [
              T=float
          ]
G:\Львовское Игра\Proj2\SFML - Server\SFML - Server\Server.cpp(385,63): warning C4244: аргумент: преобразование "int" в "T", возможна потеря данных
          with
          [
              T=float
          ]
G:\Львовское Игра\Proj2\SFML - Server\SFML - Server\Server.cpp(386,57): warning C4244: аргумент: преобразование "int" в "float", возможна потеря данных
G:\Львовское Игра\Proj2\SFML - Server\SFML - Server\Server.cpp(386,43): warning C4244: аргумент: преобразование "int" в "float", возможна потеря данных
G:\Львовское Игра\Proj2\SFML - Server\SFML - Server\Server.cpp(394,78): warning C4244: аргумент: преобразование "int" в "T", возможна потеря данных
          with
          [
              T=float
          ]
G:\Львовское Игра\Proj2\SFML - Server\SFML - Server\Server.cpp(394,64): warning C4244: аргумент: преобразование "int" в "T", возможна потеря данных
          with
          [
              T=float
          ]
G:\Львовское Игра\Proj2\SFML - Server\SFML - Server\Server.cpp(395,58): warning C4244: аргумент: преобразование "int" в "float", возможна потеря данных
G:\Львовское Игра\Proj2\SFML - Server\SFML - Server\Server.cpp(395,44): warning C4244: аргумент: преобразование "int" в "float", возможна потеря данных
G:\Львовское Игра\Proj2\SFML - Server\SFML - Server\Server.cpp(402,26): warning C4244: инициализация: преобразование "int" в "float", возможна потеря данных
G:\Львовское Игра\Proj2\SFML - Server\SFML - Server\Server.cpp(405,57): warning C4244: аргумент: преобразование "int" в "float", возможна потеря данных
G:\Львовское Игра\Proj2\SFML - Server\SFML - Server\Server.cpp(405,43): warning C4244: аргумент: преобразование "int" в "float", возможна потеря данных
G:\Львовское Игра\Proj2\SFML - Server\SFML - Server\Server.cpp(415,26): warning C4244: инициализация: преобразование "int" в "float", возможна потеря данных
G:\Львовское Игра\Proj2\SFML - Server\SFML - Server\Server.cpp(418,58): warning C4244: аргумент: преобразование "int" в "float", возможна потеря данных
G:\Львовское Игра\Proj2\SFML - Server\SFML - Server\Server.cpp(418,44): warning C4244: аргумент: преобразование "int" в "float", возможна потеря данных
G:\Львовское Игра\Proj2\SFML - Server\SFML - Server\Server.cpp(426,66): warning C4244: аргумент: преобразование "int" в "T", возможна потеря данных
          with
          [
              T=float
          ]
G:\Львовское Игра\Proj2\SFML - Server\SFML - Server\Server.cpp(426,52): warning C4244: аргумент: преобразование "int" в "T", возможна потеря данных
          with
          [
              T=float
          ]
G:\Львовское Игра\Proj2\SFML - Server\SFML - Server\Server.cpp(427,66): warning C4244: аргумент: преобразование "int" в "T", возможна потеря данных
          with
          [
              T=float
          ]
G:\Львовское Игра\Proj2\SFML - Server\SFML - Server\Server.cpp(427,52): warning C4244: аргумент: преобразование "int" в "T", возможна потеря данных
          with
          [
              T=float
          ]
G:\Львовское Игра\Proj2\SFML - Server\SFML - Server\Server.cpp(434,56): warning C4244: аргумент: преобразование "int" в "float", возможна потеря данных
G:\Львовское Игра\Proj2\SFML - Server\SFML - Server\Server.cpp(434,42): warning C4244: аргумент: преобразование "int" в "float", возможна потеря данных
G:\Львовское Игра\Proj2\SFML - Server\SFML - Server\Server.cpp(451,58): warning C4244: аргумент: преобразование "int" в "float", возможна потеря данных
G:\Львовское Игра\Proj2\SFML - Server\SFML - Server\Server.cpp(451,44): warning C4244: аргумент: преобразование "int" в "float", возможна потеря данных
sfml-graphics-s-d.lib(Transformable.obj) : warning LNK4099: "" PDB не найден с "sfml-graphics-s-d.lib(Transformable.obj)" или на ""; компоновка объекта выполняется как при отсутствии отладочных данных
sfml-graphics-s-d.lib(Color.obj) : warning LNK4099: "" PDB не найден с "sfml-graphics-s-d.lib(Color.obj)" или на ""; компоновка объекта выполняется как при отсутствии отладочных данных
sfml-graphics-s-d.lib(Vertex.obj) : warning LNK4099: "" PDB не найден с "sfml-graphics-s-d.lib(Vertex.obj)" или на ""; компоновка объекта выполняется как при отсутствии отладочных данных
sfml-graphics-s-d.lib(Shape.obj) : warning LNK4099: "" PDB не найден с "sfml-graphics-s-d.lib(Shape.obj)" или на ""; компоновка объекта выполняется как при отсутствии отладочных данных
sfml-graphics-s-d.lib(CircleShape.obj) : warning LNK4099: "" PDB не найден с "sfml-graphics-s-d.lib(CircleShape.obj)" или на ""; компоновка объекта выполняется как при отсутствии отладочных данных
sfml-graphics-s-d.lib(ConvexShape.obj) : warning LNK4099: "" PDB не найден с "sfml-graphics-s-d.lib(ConvexShape.obj)" или на ""; компоновка объекта выполняется как при отсутствии отладочных данных
sfml-graphics-s-d.lib(Texture.obj) : warning LNK4099: "" PDB не найден с "sfml-graphics-s-d.lib(Texture.obj)" или на ""; компоновка объекта выполняется как при отсутствии отладочных данных
sfml-graphics-s-d.lib(Font.obj) : warning LNK4099: "" PDB не найден с "sfml-graphics-s-d.lib(Font.obj)" или на ""; компоновка объекта выполняется как при отсутствии отладочных данных
sfml-graphics-s-d.lib(RectangleShape.obj) : warning LNK4099: "" PDB не найден с "sfml-graphics-s-d.lib(RectangleShape.obj)" или на ""; компоновка объекта выполняется как при отсутствии отладочных данных
sfml-graphics-s-d.lib(RenderTarget.obj) : warning LNK4099: "" PDB не найден с "sfml-graphics-s-d.lib(RenderTarget.obj)" или на ""; компоновка объекта выполняется как при отсутствии отладочных данных
sfml-graphics-s-d.lib(RenderWindow.obj) : warning LNK4099: "" PDB не найден с "sfml-graphics-s-d.lib(RenderWindow.obj)" или на ""; компоновка объекта выполняется как при отсутствии отладочных данных
sfml-graphics-s-d.lib(Sprite.obj) : warning LNK4099: "" PDB не найден с "sfml-graphics-s-d.lib(Sprite.obj)" или на ""; компоновка объекта выполняется как при отсутствии отладочных данных
sfml-graphics-s-d.lib(Text.obj) : warning LNK4099: "" PDB не найден с "sfml-graphics-s-d.lib(Text.obj)" или на ""; компоновка объекта выполняется как при отсутствии отладочных данных
sfml-graphics-s-d.lib(RenderStates.obj) : warning LNK4099: "" PDB не найден с "sfml-graphics-s-d.lib(RenderStates.obj)" или на ""; компоновка объекта выполняется как при отсутствии отладочных данных
sfml-graphics-s-d.lib(Transform.obj) : warning LNK4099: "" PDB не найден с "sfml-graphics-s-d.lib(Transform.obj)" или на ""; компоновка объекта выполняется как при отсутствии отладочных данных
sfml-graphics-s-d.lib(VertexArray.obj) : warning LNK4099: "" PDB не найден с "sfml-graphics-s-d.lib(VertexArray.obj)" или на ""; компоновка объекта выполняется как при отсутствии отладочных данных
sfml-graphics-s-d.lib(Image.obj) : warning LNK4099: "" PDB не найден с "sfml-graphics-s-d.lib(Image.obj)" или на ""; компоновка объекта выполняется как при отсутствии отладочных данных
sfml-graphics-s-d.lib(GLExtensions.obj) : warning LNK4099: "" PDB не найден с "sfml-graphics-s-d.lib(GLExtensions.obj)" или на ""; компоновка объекта выполняется как при отсутствии отладочных данных
sfml-graphics-s-d.lib(GLCheck.obj) : warning LNK4099: "" PDB не найден с "sfml-graphics-s-d.lib(GLCheck.obj)" или на ""; компоновка объекта выполняется как при отсутствии отладочных данных
sfml-graphics-s-d.lib(TextureSaver.obj) : warning LNK4099: "" PDB не найден с "sfml-graphics-s-d.lib(TextureSaver.obj)" или на ""; компоновка объекта выполняется как при отсутствии отладочных данных
sfml-graphics-s-d.lib(View.obj) : warning LNK4099: "" PDB не найден с "sfml-graphics-s-d.lib(View.obj)" или на ""; компоновка объекта выполняется как при отсутствии отладочных данных
sfml-graphics-s-d.lib(BlendMode.obj) : warning LNK4099: "" PDB не найден с "sfml-graphics-s-d.lib(BlendMode.obj)" или на ""; компоновка объекта выполняется как при отсутствии отладочных данных
sfml-graphics-s-d.lib(Shader.obj) : warning LNK4099: "" PDB не найден с "sfml-graphics-s-d.lib(Shader.obj)" или на ""; компоновка объекта выполняется как при отсутствии отладочных данных
sfml-graphics-s-d.lib(VertexBuffer.obj) : warning LNK4099: "" PDB не найден с "sfml-graphics-s-d.lib(VertexBuffer.obj)" или на ""; компоновка объекта выполняется как при отсутствии отладочных данных
sfml-graphics-s-d.lib(RenderTextureImplFBO.obj) : warning LNK4099: "" PDB не найден с "sfml-graphics-s-d.lib(RenderTextureImplFBO.obj)" или на ""; компоновка объекта выполняется как при отсутствии отладочных данных
sfml-graphics-s-d.lib(ImageLoader.obj) : warning LNK4099: "" PDB не найден с "sfml-graphics-s-d.lib(ImageLoader.obj)" или на ""; компоновка объекта выполняется как при отсутствии отладочных данных
sfml-graphics-s-d.lib(Glsl.obj) : warning LNK4099: "" PDB не найден с "sfml-graphics-s-d.lib(Glsl.obj)" или на ""; компоновка объекта выполняется как при отсутствии отладочных данных
sfml-graphics-s-d.lib(RenderTextureImpl.obj) : warning LNK4099: "" PDB не найден с "sfml-graphics-s-d.lib(RenderTextureImpl.obj)" или на ""; компоновка объекта выполняется как при отсутствии отладочных данных
sfml-window-s-d.lib(VideoMode.obj) : warning LNK4099: "" PDB не найден с "sfml-window-s-d.lib(VideoMode.obj)" или на ""; компоновка объекта выполняется как при отсутствии отладочных данных
sfml-window-s-d.lib(WindowBase.obj) : warning LNK4099: "" PDB не найден с "sfml-window-s-d.lib(WindowBase.obj)" или на ""; компоновка объекта выполняется как при отсутствии отладочных данных
sfml-window-s-d.lib(Window.obj) : warning LNK4099: "" PDB не найден с "sfml-window-s-d.lib(Window.obj)" или на ""; компоновка объекта выполняется как при отсутствии отладочных данных
sfml-window-s-d.lib(GlResource.obj) : warning LNK4099: "" PDB не найден с "sfml-window-s-d.lib(GlResource.obj)" или на ""; компоновка объекта выполняется как при отсутствии отладочных данных
sfml-window-s-d.lib(Context.obj) : warning LNK4099: "" PDB не найден с "sfml-window-s-d.lib(Context.obj)" или на ""; компоновка объекта выполняется как при отсутствии отладочных данных
sfml-window-s-d.lib(VideoModeImpl.obj) : warning LNK4099: "" PDB не найден с "sfml-window-s-d.lib(VideoModeImpl.obj)" или на ""; компоновка объекта выполняется как при отсутствии отладочных данных
sfml-window-s-d.lib(Cursor.obj) : warning LNK4099: "" PDB не найден с "sfml-window-s-d.lib(Cursor.obj)" или на ""; компоновка объекта выполняется как при отсутствии отладочных данных
sfml-window-s-d.lib(WindowImpl.obj) : warning LNK4099: "" PDB не найден с "sfml-window-s-d.lib(WindowImpl.obj)" или на ""; компоновка объекта выполняется как при отсутствии отладочных данных
sfml-window-s-d.lib(GlContext.obj) : warning LNK4099: "" PDB не найден с "sfml-window-s-d.lib(GlContext.obj)" или на ""; компоновка объекта выполняется как при отсутствии отладочных данных
sfml-window-s-d.lib(CursorImpl.obj) : warning LNK4099: "" PDB не найден с "sfml-window-s-d.lib(CursorImpl.obj)" или на ""; компоновка объекта выполняется как при отсутствии отладочных данных
sfml-window-s-d.lib(JoystickManager.obj) : warning LNK4099: "" PDB не найден с "sfml-window-s-d.lib(JoystickManager.obj)" или на ""; компоновка объекта выполняется как при отсутствии отладочных данных
sfml-window-s-d.lib(SensorManager.obj) : warning LNK4099: "" PDB не найден с "sfml-window-s-d.lib(SensorManager.obj)" или на ""; компоновка объекта выполняется как при отсутствии отладочных данных
sfml-window-s-d.lib(WindowImplWin32.obj) : warning LNK4099: "" PDB не найден с "sfml-window-s-d.lib(WindowImplWin32.obj)" или на ""; компоновка объекта выполняется как при отсутствии отладочных данных
sfml-window-s-d.lib(VulkanImplWin32.obj) : warning LNK4099: "" PDB не найден с "sfml-window-s-d.lib(VulkanImplWin32.obj)" или на ""; компоновка объекта выполняется как при отсутствии отладочных данных
sfml-window-s-d.lib(WglContext.obj) : warning LNK4099: "" PDB не найден с "sfml-window-s-d.lib(WglContext.obj)" или на ""; компоновка объекта выполняется как при отсутствии отладочных данных
sfml-window-s-d.lib(Joystick.obj) : warning LNK4099: "" PDB не найден с "sfml-window-s-d.lib(Joystick.obj)" или на ""; компоновка объекта выполняется как при отсутствии отладочных данных
sfml-window-s-d.lib(JoystickImpl.obj) : warning LNK4099: "" PDB не найден с "sfml-window-s-d.lib(JoystickImpl.obj)" или на ""; компоновка объекта выполняется как при отсутствии отладочных данных
sfml-window-s-d.lib(SensorImpl.obj) : warning LNK4099: "" PDB не найден с "sfml-window-s-d.lib(SensorImpl.obj)" или на ""; компоновка объекта выполняется как при отсутствии отладочных данных
sfml-system-s-d.lib(Mutex.obj) : warning LNK4099: "" PDB не найден с "sfml-system-s-d.lib(Mutex.obj)" или на ""; компоновка объекта выполняется как при отсутствии отладочных данных
sfml-system-s-d.lib(String.obj) : warning LNK4099: "" PDB не найден с "sfml-system-s-d.lib(String.obj)" или на ""; компоновка объекта выполняется как при отсутствии отладочных данных
sfml-system-s-d.lib(Lock.obj) : warning LNK4099: "" PDB не найден с "sfml-system-s-d.lib(Lock.obj)" или на ""; компоновка объекта выполняется как при отсутствии отладочных данных
sfml-system-s-d.lib(Err.obj) : warning LNK4099: "" PDB не найден с "sfml-system-s-d.lib(Err.obj)" или на ""; компоновка объекта выполняется как при отсутствии отладочных данных
sfml-system-s-d.lib(Time.obj) : warning LNK4099: "" PDB не найден с "sfml-system-s-d.lib(Time.obj)" или на ""; компоновка объекта выполняется как при отсутствии отладочных данных
sfml-system-s-d.lib(Clock.obj) : warning LNK4099: "" PDB не найден с "sfml-system-s-d.lib(Clock.obj)" или на ""; компоновка объекта выполняется как при отсутствии отладочных данных
sfml-system-s-d.lib(Sleep.obj) : warning LNK4099: "" PDB не найден с "sfml-system-s-d.lib(Sleep.obj)" или на ""; компоновка объекта выполняется как при отсутствии отладочных данных
sfml-system-s-d.lib(ThreadLocal.obj) : warning LNK4099: "" PDB не найден с "sfml-system-s-d.lib(ThreadLocal.obj)" или на ""; компоновка объекта выполняется как при отсутствии отладочных данных
sfml-system-s-d.lib(MutexImpl.obj) : warning LNK4099: "" PDB не найден с "sfml-system-s-d.lib(MutexImpl.obj)" или на ""; компоновка объекта выполняется как при отсутствии отладочных данных
sfml-system-s-d.lib(ClockImpl.obj) : warning LNK4099: "" PDB не найден с "sfml-system-s-d.lib(ClockImpl.obj)" или на ""; компоновка объекта выполняется как при отсутствии отладочных данных
sfml-system-s-d.lib(SleepImpl.obj) : warning LNK4099: "" PDB не найден с "sfml-system-s-d.lib(SleepImpl.obj)" или на ""; компоновка объекта выполняется как при отсутствии отладочных данных
sfml-system-s-d.lib(ThreadLocalImpl.obj) : warning LNK4099: "" PDB не найден с "sfml-system-s-d.lib(ThreadLocalImpl.obj)" или на ""; компоновка объекта выполняется как при отсутствии отладочных данных
sfml-network-s-d.lib(Socket.obj) : warning LNK4099: "" PDB не найден с "sfml-network-s-d.lib(Socket.obj)" или на ""; компоновка объекта выполняется как при отсутствии отладочных данных
sfml-network-s-d.lib(IpAddress.obj) : warning LNK4099: "" PDB не найден с "sfml-network-s-d.lib(IpAddress.obj)" или на ""; компоновка объекта выполняется как при отсутствии отладочных данных
sfml-network-s-d.lib(Packet.obj) : warning LNK4099: "" PDB не найден с "sfml-network-s-d.lib(Packet.obj)" или на ""; компоновка объекта выполняется как при отсутствии отладочных данных
sfml-network-s-d.lib(UdpSocket.obj) : warning LNK4099: "" PDB не найден с "sfml-network-s-d.lib(UdpSocket.obj)" или на ""; компоновка объекта выполняется как при отсутствии отладочных данных
sfml-network-s-d.lib(SocketImpl.obj) : warning LNK4099: "" PDB не найден с "sfml-network-s-d.lib(SocketImpl.obj)" или на ""; компоновка объекта выполняется как при отсутствии отладочных данных
sfml-network-s-d.lib(Http.obj) : warning LNK4099: "" PDB не найден с "sfml-network-s-d.lib(Http.obj)" или на ""; компоновка объекта выполняется как при отсутствии отладочных данных
sfml-network-s-d.lib(TcpSocket.obj) : warning LNK4099: "" PDB не найден с "sfml-network-s-d.lib(TcpSocket.obj)" или на ""; компоновка объекта выполняется как при отсутствии отладочных данных
  SFML - Server.vcxproj -> G:\Львовское Игра\Proj2\SFML - Server\x64\Debug\SFML - Server.exe
